生成启动时间为 2016/10/13 23:07:56。
     1>项目“C:\Users\Victory\Documents\Visual Studio 2013\Projects\opengl\my3d\my3d\my3d.vcxproj”在节点 2 上(Build 个目标)。
     1>ClCompile:
         C:\vs2013\vs2013\VC\bin\CL.exe /c /ZI /nologo /W3 /WX- /Od /Oy- /D WIN32 /D _DEBUG /D _CONSOLE /D _LIB /D _UNICODE /D UNICODE /Gm /EHsc /RTC1 /MDd /GS /fp:precise /Zc:wchar_t /Zc:forScope /Fo"Debug\\" /Fd"Debug\vc120.pdb" /Gd /TP /analyze- /errorReport:prompt device.cpp my3d.cpp texture.cpp
         my3d.cpp
     1>c:\users\victory\documents\visual studio 2013\projects\opengl\my3d\my3d\mathlib.h(178): warning C4305: “=”: 从“double”到“float”截断
     1>c:\users\victory\documents\visual studio 2013\projects\opengl\my3d\my3d\mathlib.h(182): warning C4305: “=”: 从“double”到“float”截断
     1>c:\users\victory\documents\visual studio 2013\projects\opengl\my3d\my3d\transform.h(24): warning C4244: “初始化”: 从“double”转换到“float”，可能丢失数据
     1>c:\users\victory\documents\visual studio 2013\projects\opengl\my3d\my3d\transform.h(25): warning C4305: “参数”: 从“double”到“float”截断
     1>c:\users\victory\documents\visual studio 2013\projects\opengl\my3d\my3d\transform.h(26): warning C4244: “=”: 从“int”转换到“float”，可能丢失数据
     1>c:\users\victory\documents\visual studio 2013\projects\opengl\my3d\my3d\transform.h(27): warning C4244: “=”: 从“int”转换到“float”，可能丢失数据
     1>c:\users\victory\documents\visual studio 2013\projects\opengl\my3d\my3d\device.h(56): warning C4244: “=”: 从“float”转换到“IUINT32”，可能丢失数据
     1>c:\users\victory\documents\visual studio 2013\projects\opengl\my3d\my3d\device.h(131): warning C4244: “初始化”: 从“int”转换到“float”，可能丢失数据
     1>c:\users\victory\documents\visual studio 2013\projects\opengl\my3d\my3d\device.h(132): warning C4244: “=”: 从“double”转换到“float”，可能丢失数据
     1>c:\users\victory\documents\visual studio 2013\projects\opengl\my3d\my3d\device.h(135): warning C4244: “参数”: 从“double”转换到“int”，可能丢失数据
     1>c:\users\victory\documents\visual studio 2013\projects\opengl\my3d\my3d\device.h(142): warning C4244: “初始化”: 从“int”转换到“float”，可能丢失数据
     1>c:\users\victory\documents\visual studio 2013\projects\opengl\my3d\my3d\device.h(143): warning C4244: “=”: 从“double”转换到“float”，可能丢失数据
     1>c:\users\victory\documents\visual studio 2013\projects\opengl\my3d\my3d\device.h(146): warning C4244: “参数”: 从“double”转换到“int”，可能丢失数据
     1>c:\users\victory\documents\visual studio 2013\projects\opengl\my3d\my3d\device.h(146): warning C4244: “参数”: 从“float”转换到“int”，可能丢失数据
     1>c:\users\victory\documents\visual studio 2013\projects\opengl\my3d\my3d\device.h(157): warning C4244: “初始化”: 从“float”转换到“int”，可能丢失数据
     1>c:\users\victory\documents\visual studio 2013\projects\opengl\my3d\my3d\device.h(170): warning C4244: “初始化”: 从“float”转换到“IUINT32”，可能丢失数据
     1>c:\users\victory\documents\visual studio 2013\projects\opengl\my3d\my3d\device.h(171): warning C4244: “初始化”: 从“float”转换到“IUINT32”，可能丢失数据
     1>c:\users\victory\documents\visual studio 2013\projects\opengl\my3d\my3d\device.h(172): warning C4244: “初始化”: 从“float”转换到“IUINT32”，可能丢失数据
     1>c:\users\victory\documents\visual studio 2013\projects\opengl\my3d\my3d\device.h(179): warning C4244: “初始化”: 从“float”转换到“IUINT32”，可能丢失数据
     1>c:\users\victory\documents\visual studio 2013\projects\opengl\my3d\my3d\device.h(180): warning C4244: “初始化”: 从“float”转换到“IUINT32”，可能丢失数据
     1>c:\users\victory\documents\visual studio 2013\projects\opengl\my3d\my3d\device.h(181): warning C4244: “初始化”: 从“float”转换到“IUINT32”，可能丢失数据
     1>c:\users\victory\documents\visual studio 2013\projects\opengl\my3d\my3d\device.h(199): warning C4244: “初始化”: 从“float”转换到“int”，可能丢失数据
     1>c:\users\victory\documents\visual studio 2013\projects\opengl\my3d\my3d\device.h(210): warning C4244: “=”: 从“float”转换到“int”，可能丢失数据
     1>c:\users\victory\documents\visual studio 2013\projects\opengl\my3d\my3d\device.h(211): warning C4244: “=”: 从“float”转换到“int”，可能丢失数据
         正在生成代码...
         正在跳过...(未检测到相关更改)
         texture.cpp
         device.cpp
       Link:
         C:\vs2013\vs2013\VC\bin\link.exe /ERRORREPORT:PROMPT /OUT:"C:\Users\Victory\Documents\Visual Studio 2013\Projects\opengl\my3d\Debug\my3d.exe" /INCREMENTAL /NOLOGO kernel32.lib user32.lib gdi32.lib winspool.lib comdlg32.lib advapi32.lib shell32.lib ole32.lib oleaut32.lib uuid.lib odbc32.lib odbccp32.lib /MANIFEST /MANIFESTUAC:"level='asInvoker' uiAccess='false'" /manifest:embed /DEBUG /PDB:"C:\Users\Victory\Documents\Visual Studio 2013\Projects\opengl\my3d\Debug\my3d.pdb" /SUBSYSTEM:CONSOLE /TLBID:1 /DYNAMICBASE /NXCOMPAT /IMPLIB:"C:\Users\Victory\Documents\Visual Studio 2013\Projects\opengl\my3d\Debug\my3d.lib" /MACHINE:X86 Debug\device.obj
         Debug\light.obj
         Debug\my3d.obj
         Debug\ploygon.obj
         Debug\texture.obj
         my3d.vcxproj -> C:\Users\Victory\Documents\Visual Studio 2013\Projects\opengl\my3d\Debug\my3d.exe
     1>已完成生成项目“C:\Users\Victory\Documents\Visual Studio 2013\Projects\opengl\my3d\my3d\my3d.vcxproj”(Build 个目标)的操作。

生成成功。

已用时间 00:00:02.10
